<?xml version="1.0" encoding="UTF-8"?>
<!-- Generated by org.testng.reporters.JUnitXMLReporter -->
<testsuite hostname="DESKTOP-N902F4F" ignored="0" name="Test" tests="4" failures="0" timestamp="01 Aug 2019 06:35:25 GMT" time="0.042" errors="0">
  <testcase name="BrowserAutomation" time="0.007" classname="qaclickacademy.Selenium_Test"/>
  <testcase name="ElementsUI" time="0.0" classname="qaclickacademy.Selenium_Test"/>
  <testcase name="IOSApps" time="0.0" classname="qaclickacademy.Appium_Test"/>
  <testcase name="NativeAppAndroid" time="0.002" classname="qaclickacademy.Appium_Test"/>
</testsuite> <!-- Test -->
