<?xml version="1.0" encoding="UTF-8"?>
<testng-results skipped="0" failed="0" ignored="0" total="2" passed="2">
  <reporter-output>
  </reporter-output>
  <suite name="Surefire suite" duration-ms="84" started-at="2019-08-01T07:43:01Z" finished-at="2019-08-01T07:43:01Z">
    <groups>
    </groups>
    <test name="Surefire test" duration-ms="84" started-at="2019-08-01T07:43:01Z" finished-at="2019-08-01T07:43:01Z">
      <class name="qaclickacademy.Appium_Test">
        <test-method status="PASS" signature="IOSApps()[pri:0, instance:qaclickacademy.Appium_Test@1e67b872]" name="IOSApps" duration-ms="30" started-at="2019-08-01T13:13:01Z" finished-at="2019-08-01T13:13:01Z">
          <reporter-output>
          </reporter-output>
        </test-method> <!-- IOSApps -->
        <test-method status="PASS" signature="NativeAppAndroid()[pri:0, instance:qaclickacademy.Appium_Test@1e67b872]" name="NativeAppAndroid" duration-ms="0" started-at="2019-08-01T13:13:01Z" finished-at="2019-08-01T13:13:01Z">
          <reporter-output>
          </reporter-output>
        </test-method> <!-- NativeAppAndroid -->
      </class> <!-- qaclickacademy.Appium_Test -->
    </test> <!-- Surefire test -->
  </suite> <!-- Surefire suite -->
</testng-results>
